<?xml version="1.0" encoding="UTF-8"?>
<!-- Generated by org.testng.reporters.JUnitXMLReporter -->
<testsuite ignored="0" hostname="LAPTOP-CGUJBJB4" failures="1" tests="1" name="EleTest" time="0.008" errors="0" timestamp="2023-02-04T15:33:18 IST">
  <testcase classname="testpage.eleTest" name="clickonele" time="0.004">
    <failure type="java.lang.NullPointerException" message="Cannot invoke &amp;quot;pages.elepage.clickonelectronics()&amp;quot; because &amp;quot;this.ob&amp;quot; is null">
      <![CDATA[java.lang.NullPointerException: Cannot invoke "pages.elepage.clickonelectronics()" because "this.ob" is null
at testpage.eleTest.clickonele(eleTest.java:22)
at java.base/java.util.ArrayList.forEach(ArrayList.java:1511)
... Removed 25 stack frames]]>
    </failure>
  </testcase> <!-- clickonele -->
</testsuite> <!-- EleTest -->
