<?xml version="1.0" encoding="UTF-8"?>
<testng-results ignored="0" total="2" passed="1" failed="1" skipped="0">
  <reporter-output>
  </reporter-output>
  <suite started-at="2023-02-04T15:33:12 IST" name="Ecomm" finished-at="2023-02-04T15:33:18 IST" duration-ms="5482">
    <groups>
    </groups>
    <test started-at="2023-02-04T15:33:12 IST" name="LoginTest" finished-at="2023-02-04T15:33:18 IST" duration-ms="5439">
      <class name="testpage.Login_test">
        <test-method is-config="true" signature="getlaunchUrl()[pri:0, instance:testpage.Login_test@7e5afaa6]" started-at="2023-02-04T15:33:12 IST" name="getlaunchUrl" finished-at="2023-02-04T15:33:18 IST" duration-ms="5403" status="PASS">
          <reporter-output>
          </reporter-output>
        </test-method> <!-- getlaunchUrl -->
        <test-method signature="gettitle()[pri:0, instance:testpage.Login_test@7e5afaa6]" started-at="2023-02-04T15:33:18 IST" name="gettitle" finished-at="2023-02-04T15:33:18 IST" duration-ms="13" status="PASS">
          <reporter-output>
          </reporter-output>
        </test-method> <!-- gettitle -->
      </class> <!-- testpage.Login_test -->
    </test> <!-- LoginTest -->
    <test started-at="2023-02-04T15:33:18 IST" name="EleTest" finished-at="2023-02-04T15:33:18 IST" duration-ms="8">
      <class name="testpage.eleTest">
        <test-method signature="clickonele()[pri:0, instance:testpage.eleTest@741a8937]" started-at="2023-02-04T15:33:18 IST" name="clickonele" finished-at="2023-02-04T15:33:18 IST" duration-ms="4" status="FAIL">
          <exception class="java.lang.NullPointerException">
            <message>
              <![CDATA[Cannot invoke "pages.elepage.clickonelectronics()" because "this.ob" is null]]>
            </message>
            <full-stacktrace>
              <![CDATA[java.lang.NullPointerException: Cannot invoke "pages.elepage.clickonelectronics()" because "this.ob" is null
at testpage.eleTest.clickonele(eleTest.java:22)
at java.base/jdk.internal.reflect.DirectMethodHandleAccessor.invoke(DirectMethodHandleAccessor.java:104)
at java.base/java.lang.reflect.Method.invoke(Method.java:578)
at org.testng.internal.MethodInvocationHelper.invokeMethod(MethodInvocationHelper.java:133)
at org.testng.internal.TestInvoker.invokeMethod(TestInvoker.java:598)
at org.testng.internal.TestInvoker.invokeTestMethod(TestInvoker.java:173)
at org.testng.internal.MethodRunner.runInSequence(MethodRunner.java:46)
at org.testng.internal.TestInvoker$MethodInvocationAgent.invoke(TestInvoker.java:824)
at org.testng.internal.TestInvoker.invokeTestMethods(TestInvoker.java:146)
at org.testng.internal.TestMethodWorker.invokeTestMethods(TestMethodWorker.java:146)
at org.testng.internal.TestMethodWorker.run(TestMethodWorker.java:128)
at java.base/java.util.ArrayList.forEach(ArrayList.java:1511)
at org.testng.TestRunner.privateRun(TestRunner.java:794)
at org.testng.TestRunner.run(TestRunner.java:596)
at org.testng.SuiteRunner.runTest(SuiteRunner.java:377)
at org.testng.SuiteRunner.runSequentially(SuiteRunner.java:371)
at org.testng.SuiteRunner.privateRun(SuiteRunner.java:332)
at org.testng.SuiteRunner.run(SuiteRunner.java:276)
at org.testng.SuiteRunnerWorker.runSuite(SuiteRunnerWorker.java:53)
at org.testng.SuiteRunnerWorker.run(SuiteRunnerWorker.java:96)
at org.testng.TestNG.runSuitesSequentially(TestNG.java:1212)
at org.testng.TestNG.runSuitesLocally(TestNG.java:1134)
at org.testng.TestNG.runSuites(TestNG.java:1063)
at org.testng.TestNG.run(TestNG.java:1031)
at org.testng.remote.AbstractRemoteTestNG.run(AbstractRemoteTestNG.java:115)
at org.testng.remote.RemoteTestNG.initAndRun(RemoteTestNG.java:251)
at org.testng.remote.RemoteTestNG.main(RemoteTestNG.java:77)
]]>
            </full-stacktrace>
          </exception> <!-- java.lang.NullPointerException -->
          <reporter-output>
          </reporter-output>
        </test-method> <!-- clickonele -->
      </class> <!-- testpage.eleTest -->
    </test> <!-- EleTest -->
  </suite> <!-- Ecomm -->
</testng-results>
